Vivado Simulator v2024.2.1
Copyright 1986-2022 Xilinx, Inc. All Rights Reserved.
Copyright 2022-2024 Advanced Micro Devices, Inc. All Rights Reserved.
Running: C:/Xilinx/Vivado/2024.2/bin/unwrapped/win64.o/xelab.exe --incr --debug typical --relax --mt 2 -L xil_defaultlib -L unisims_ver -L unimacro_ver -L secureip --snapshot tb_bitcoin_miner_behav xil_defaultlib.tb_bitcoin_miner xil_defaultlib.glbl -log elaborate.log 
Using 2 slave threads.
Starting static elaboration
Pass Through NonSizing Optimizer
Completed static elaboration
Starting simulation data flow analysis
Completed simulation data flow analysis
Time Resolution for simulation is 1ps
Compiling module xil_defaultlib.Ch(WORDSIZE=32)
Compiling module xil_defaultlib.Maj(WORDSIZE=32)
Compiling module xil_defaultlib.sha256_S4
Compiling module xil_defaultlib.sha256_S3
Compiling module xil_defaultlib.sha2_round(WORDSIZE=32)
Compiling module xil_defaultlib.sha256_round
Compiling module xil_defaultlib.sha256_s0
Compiling module xil_defaultlib.sha256_s1
Compiling module xil_defaultlib.W_machine(WORDSIZE=32)
Compiling module xil_defaultlib.sha256_K_machine
Compiling module xil_defaultlib.sha256_block
Compiling module xil_defaultlib.bitcoin_miner_default
Compiling module xil_defaultlib.tb_bitcoin_miner
Compiling module xil_defaultlib.glbl
Built simulation snapshot tb_bitcoin_miner_behav
