INFO: [VRFC 10-2263] Analyzing Verilog file "C:/Users/surya/Desktop/project_1/project_1.srcs/sources_1/new/Ch.v" into library xil_defaultlib
INFO: [VRFC 10-311] analyzing module Ch
INFO: [VRFC 10-2263] Analyzing Verilog file "C:/Users/surya/Desktop/project_1/project_1.srcs/sources_1/new/Maj.v" into library xil_defaultlib
INFO: [VRFC 10-311] analyzing module Maj
INFO: [VRFC 10-2263] Analyzing Verilog file "C:/Users/surya/Desktop/project_1/project_1.srcs/sources_1/new/W_machine.v" into library xil_defaultlib
INFO: [VRFC 10-311] analyzing module W_machine
INFO: [VRFC 10-2263] Analyzing Verilog file "C:/Users/surya/Desktop/project_2/project_2.srcs/sources_1/new/bitcoin_miner.v" into library xil_defaultlib
INFO: [VRFC 10-311] analyzing module bitcoin_miner
INFO: [VRFC 10-2263] Analyzing Verilog file "C:/Users/surya/Desktop/project_1/project_1.srcs/sources_1/new/block_header.v" into library xil_defaultlib
INFO: [VRFC 10-311] analyzing module block_header
INFO: [VRFC 10-2263] Analyzing Verilog file "C:/Users/surya/Desktop/project_1/project_1.srcs/sources_1/new/mining_control.v" into library xil_defaultlib
INFO: [VRFC 10-311] analyzing module mining_control
INFO: [VRFC 10-2263] Analyzing Verilog file "C:/Users/surya/Desktop/project_1/project_1.srcs/sources_1/new/sha256_K_machine.v" into library xil_defaultlib
INFO: [VRFC 10-311] analyzing module sha256_K_machine
INFO: [VRFC 10-2263] Analyzing Verilog file "C:/Users/surya/Desktop/project_1/project_1.srcs/sources_1/new/sha256_S3.v" into library xil_defaultlib
INFO: [VRFC 10-311] analyzing module sha256_S3
INFO: [VRFC 10-2263] Analyzing Verilog file "C:/Users/surya/Desktop/project_1/project_1.srcs/sources_1/new/sha256_S4.v" into library xil_defaultlib
INFO: [VRFC 10-311] analyzing module sha256_S4
INFO: [VRFC 10-2263] Analyzing Verilog file "C:/Users/surya/Desktop/project_1/project_1.srcs/sources_1/new/sha256_block.v" into library xil_defaultlib
INFO: [VRFC 10-311] analyzing module sha256_block
INFO: [VRFC 10-2263] Analyzing Verilog file "C:/Users/surya/Desktop/project_1/project_1.srcs/sources_1/new/sha256_double.v" into library xil_defaultlib
INFO: [VRFC 10-311] analyzing module sha256_double
INFO: [VRFC 10-2263] Analyzing Verilog file "C:/Users/surya/Desktop/project_1/project_1.srcs/sources_1/new/sha256_round.v" into library xil_defaultlib
INFO: [VRFC 10-311] analyzing module sha256_round
INFO: [VRFC 10-2263] Analyzing Verilog file "C:/Users/surya/Desktop/project_1/project_1.srcs/sources_1/new/sha256_s0.v" into library xil_defaultlib
INFO: [VRFC 10-311] analyzing module sha256_s0
INFO: [VRFC 10-2263] Analyzing Verilog file "C:/Users/surya/Desktop/project_1/project_1.srcs/sources_1/new/sha256_s1.v" into library xil_defaultlib
INFO: [VRFC 10-311] analyzing module sha256_s1
INFO: [VRFC 10-2263] Analyzing Verilog file "C:/Users/surya/Desktop/project_1/project_1.srcs/sources_1/new/sha2_round.v" into library xil_defaultlib
INFO: [VRFC 10-311] analyzing module sha2_round
INFO: [VRFC 10-2263] Analyzing Verilog file "C:/Users/surya/Desktop/project_1/project_1.srcs/sources_1/new/target_check.v" into library xil_defaultlib
INFO: [VRFC 10-311] analyzing module target_check
INFO: [VRFC 10-2263] Analyzing Verilog file "C:/Users/surya/Desktop/project_2/project_2.srcs/sim_1/new/tb_bitcoin_miner.v" into library xil_defaultlib
INFO: [VRFC 10-311] analyzing module tb_bitcoin_miner
WARNING: [VRFC 10-8497] literal value 'h44486176616c2d3e42686176696e2d3e323020425443 truncated to fit in 128 bits [C:/Users/surya/Desktop/project_2/project_2.srcs/sim_1/new/tb_bitcoin_miner.v:59]
